<?xml version="1.0" encoding="UTF-8" ?>
<testsuite failures="0" time="0.216" errors="0" skipped="0" tests="24" name="com.sun.mail.util.logging.MailHandlerTest">
  <properties>
[...]
</properties>
  <testcase time="0.021" classname="com.sun.mail.util.logging.MailHandlerTest" name="testIsLoggable"/>
  <testcase time="0.06" classname="com.sun.mail.util.logging.MailHandlerTest" name="testPublish"/>
  <testcase time="0.008" classname="com.sun.mail.util.logging.MailHandlerTest" name="testBadFormatters"/>
  <testcase time="0.003" classname="com.sun.mail.util.logging.MailHandlerTest" name="testBadFilters"/>
  <testcase time="0.014" classname="com.sun.mail.util.logging.MailHandlerTest" name="testPushInsidePush"/>
  <testcase time="0.001" classname="com.sun.mail.util.logging.MailHandlerTest" name="testPush"/>
  <testcase time="0" classname="com.sun.mail.util.logging.MailHandlerTest" name="testFlush"/>
  <testcase time="0" classname="com.sun.mail.util.logging.MailHandlerTest" name="testClose"/>
  <testcase time="0" classname="com.sun.mail.util.logging.MailHandlerTest" name="testLevel"/>
  <testcase time="0" classname="com.sun.mail.util.logging.MailHandlerTest" name="testPushLevel"/>
  <testcase time="0.001" classname="com.sun.mail.util.logging.MailHandlerTest" name="testPushFilter"/>
  <testcase time="0.001" classname="com.sun.mail.util.logging.MailHandlerTest" name="testComparator"/>
  <testcase time="0" classname="com.sun.mail.util.logging.MailHandlerTest" name="testCapacity"/>
  <testcase time="0" classname="com.sun.mail.util.logging.MailHandlerTest" name="testAuthenticator"/>
  <testcase time="0.001" classname="com.sun.mail.util.logging.MailHandlerTest" name="testMailProperties"/>
  <testcase time="0" classname="com.sun.mail.util.logging.MailHandlerTest" name="testAttachmentFilters"/>
  <testcase time="0" classname="com.sun.mail.util.logging.MailHandlerTest" name="testAttachmentFormatters"/>
  <testcase time="0" classname="com.sun.mail.util.logging.MailHandlerTest" name="testAttachmentNames_StringArr"/>
  <testcase time="0.001" classname="com.sun.mail.util.logging.MailHandlerTest" name="testAttachmentNames_FormatterArr"/>
  <testcase time="0" classname="com.sun.mail.util.logging.MailHandlerTest" name="testSubject_String"/>
  <testcase time="0" classname="com.sun.mail.util.logging.MailHandlerTest" name="testSubject_Formatter"/>
  <testcase time="0" classname="com.sun.mail.util.logging.MailHandlerTest" name="testReportError"/>
  <testcase time="0.013" classname="com.sun.mail.util.logging.MailHandlerTest" name="testSecurityManager"/>
  <testcase time="0.082" classname="com.sun.mail.util.logging.MailHandlerTest" name="testZInit"/>
</testsuite>