<?xml version="1.0" encoding="UTF-8" ?>
<testsuite errors="0" failures="0" hostname="ben" name="uk.co.itstherules.yawf.inbound.WebValuesProviderTest" tests="3" time="0.144" timestamp="2012-07-31T21:53:55">
  <properties>
[...]
</properties>
  <testcase classname="uk.co.itstherules.yawf.inbound.WebValuesProviderTest" name="canSetupDefaults" time="0.02" />
  <testcase classname="uk.co.itstherules.yawf.inbound.WebValuesProviderTest" name="canSetupDefaultsAndOverrideWithQueryString" time="0.001" />
  <testcase classname="uk.co.itstherules.yawf.inbound.WebValuesProviderTest" name="canSetupDefaultsOverrideWithQueryStringWithContextAlwaysWins" time="0.001" />
  <system-out><![CDATA[]]></system-out>
  <system-err><![CDATA[]]></system-err>
</testsuite>
